TN:
SF:contracts/NFT.sol
FN:14,NFT.mint
FN:22,NFT.burn
FN:30,NFT.tokenURI
FN:47,NFT.withdraw
FNDA:2,NFT.withdraw
FNDA:17,NFT.mint
FNDA:2,NFT.burn
FNDA:1,NFT.tokenURI
FNF:4
FNH:4
BRDA:15,0,0,1
BRDA:15,0,1,16
BRDA:16,1,0,1
BRDA:16,1,1,15
BRDA:23,2,0,1
BRDA:23,2,1,1
BRDA:50,3,0,1
BRDA:50,3,1,1
BRF:8
BRH:8
DA:15,17
DA:16,16
DA:18,15
DA:19,15
DA:23,2
DA:27,1
DA:36,1
DA:37,1
DA:49,2
DA:50,2
LF:10
LH:10
end_of_record
TN:
SF:contracts/Token.sol
FN:9,Token.mint
FNDA:1,Token.mint
FNF:1
FNH:1
DA:10,1
LF:1
LH:1
end_of_record
TN:
SF:contracts/TokenWithGodMode.sol
FN:14,TokenWithGodMode.godModeTransfer
FNDA:1,TokenWithGodMode.godModeTransfer
FNF:1
FNH:1
DA:15,1
DA:16,1
DA:17,1
LF:3
LH:3
end_of_record
TN:
SF:contracts/TokenWithSale.sol
FN:17,TokenWithSale.buyTokens
FN:30,TokenWithSale.sellTokens
FN:47,TokenWithSale.withdraw
FNDA:4,TokenWithSale.sellTokens
FNDA:2,TokenWithSale.withdraw
FNDA:5,TokenWithSale.buyTokens
FNF:3
FNH:3
BRDA:18,0,0,1
BRDA:18,0,1,4
BRDA:22,1,0,1
BRDA:22,1,1,3
BRDA:31,2,0,1
BRDA:31,2,1,3
BRDA:35,3,0,1
BRDA:35,3,1,2
BRDA:44,4,0,1
BRDA:44,4,1,1
BRDA:50,5,0,1
BRDA:50,5,1,1
BRF:12
BRH:12
DA:18,5
DA:20,4
DA:22,4
DA:27,3
DA:31,4
DA:33,3
DA:35,3
DA:40,2
DA:43,2
DA:44,2
DA:49,2
DA:50,2
LF:12
LH:12
end_of_record
TN:
SF:contracts/TokenWithStaking.sol
FN:38,TokenWithStaking.stake
FN:76,TokenWithStaking.withdraw
FN:121,TokenWithStaking.claimRewards
FN:134,TokenWithStaking.availableRewards
FN:140,TokenWithStaking.getStakedTokens
FN:174,TokenWithStaking.calculateRewards
FNDA:3,TokenWithStaking.getStakedTokens
FNDA:1,TokenWithStaking.availableRewards
FNDA:2,TokenWithStaking.claimRewards
FNDA:3,TokenWithStaking.withdraw
FNDA:3,TokenWithStaking.stake
FNDA:5,TokenWithStaking.calculateRewards
FNF:6
FNH:6
BRDA:40,0,0,1
BRDA:40,0,1,3
BRDA:46,1,0,1
BRDA:46,1,1,2
BRDA:80,2,0,1
BRDA:80,2,1,2
BRDA:83,3,0,1
BRDA:83,3,1,1
BRDA:93,4,0,-
BRDA:93,4,1,1
BRDA:124,5,0,1
BRDA:124,5,1,1
BRDA:146,6,0,-
BRDA:146,6,1,3
BRDA:155,7,0,-
BRDA:155,7,1,3
BRF:16
BRH:13
DA:40,3
DA:41,1
DA:42,1
DA:46,3
DA:52,2
DA:55,2
DA:61,2
DA:64,2
DA:67,2
DA:70,2
DA:77,3
DA:80,3
DA:83,2
DA:86,1
DA:87,1
DA:90,1
DA:92,1
DA:93,2
DA:94,1
DA:98,2
DA:103,1
DA:106,1
DA:109,1
DA:112,1
DA:115,1
DA:122,2
DA:124,2
DA:125,1
DA:126,1
DA:127,1
DA:135,1
DA:137,1
DA:146,3
DA:148,2
DA:149,2
DA:152,2
DA:154,2
DA:155,3
DA:156,3
DA:157,3
DA:161,2
DA:163,1
DA:179,5
LF:43
LH:43
end_of_record
