TN:
SF:script/Counter.s.sol
FN:7,CounterScript.setUp
FNDA:0,CounterScript.setUp
FN:9,CounterScript.run
FNDA:0,CounterScript.run
DA:10,0
FNF:2
FNH:0
LF:1
LH:0
BRF:0
BRH:0
end_of_record
TN:
SF:src/Lock.sol
FN:23,Lock.withdraw
FNDA:0,Lock.withdraw
DA:27,0
BRDA:27,0,0,-
BRDA:27,0,1,-
DA:28,0
BRDA:28,1,0,-
BRDA:28,1,1,-
DA:30,0
DA:32,0
FNF:1
FNH:0
LF:4
LH:0
BRF:4
BRH:0
end_of_record
TN:
SF:src/TokenWithBondingCurve.sol
FN:20,TokenWithBondingCurve.buyTokens
FNDA:6,TokenWithBondingCurve.buyTokens
DA:21,6
BRDA:21,0,0,-
BRDA:21,0,1,6
DA:23,6
DA:24,6
DA:26,6
BRDA:26,1,0,-
BRDA:26,1,1,6
DA:31,6
FN:34,TokenWithBondingCurve.sellTokens
FNDA:0,TokenWithBondingCurve.sellTokens
DA:35,0
BRDA:35,2,0,-
BRDA:35,2,1,-
DA:36,0
BRDA:36,3,0,-
BRDA:36,3,1,-
DA:41,0
DA:42,0
DA:44,0
DA:46,0
BRDA:46,4,0,-
BRDA:46,4,1,-
DA:51,0
DA:54,0
DA:55,0
BRDA:55,5,0,-
BRDA:55,5,1,-
FN:58,TokenWithBondingCurve.withdraw
FNDA:0,TokenWithBondingCurve.withdraw
DA:60,0
DA:61,0
BRDA:61,6,0,-
BRDA:61,6,1,-
FNF:3
FNH:1
LF:16
LH:5
BRF:14
BRH:2
end_of_record
TN:
SF:src/TokenWithGodMode.sol
FN:14,TokenWithGodMode.godModeTransfer
FNDA:0,TokenWithGodMode.godModeTransfer
DA:19,0
DA:20,0
DA:21,0
FNF:1
FNH:0
LF:3
LH:0
BRF:0
BRH:0
end_of_record
TN:
SF:src/TokenWithSale.sol
FN:19,TokenWithSale.buyTokens
FNDA:2,TokenWithSale.buyTokens
DA:20,2
BRDA:20,0,0,-
BRDA:20,0,1,2
DA:22,2
DA:24,2
BRDA:24,1,0,-
BRDA:24,1,1,2
DA:29,2
FN:32,TokenWithSale.sellTokens
FNDA:1,TokenWithSale.sellTokens
DA:33,1
BRDA:33,2,0,-
BRDA:33,2,1,1
DA:35,1
DA:37,1
BRDA:37,3,0,-
BRDA:37,3,1,1
DA:42,1
DA:45,1
DA:46,1
BRDA:46,4,0,-
BRDA:46,4,1,1
FN:49,TokenWithSale.withdraw
FNDA:0,TokenWithSale.withdraw
DA:51,0
DA:52,0
BRDA:52,5,0,-
BRDA:52,5,1,-
FNF:3
FNH:2
LF:12
LH:10
BRF:12
BRH:5
end_of_record
TN:
SF:src/TokenWithSanctions.sol
FN:14,TokenWithSanctions._beforeTokenTransfer
FNDA:0,TokenWithSanctions._beforeTokenTransfer
DA:19,0
BRDA:19,0,0,-
BRDA:19,0,1,-
DA:20,0
BRDA:20,1,0,-
BRDA:20,1,1,-
FN:23,TokenWithSanctions.setBan
FNDA:0,TokenWithSanctions.setBan
DA:24,0
FNF:2
FNH:0
LF:3
LH:0
BRF:4
BRH:0
end_of_record
